  main.cpp
C:\Users\Hannah\Documents\Crossy_Road\Crossy Road\Crossy Road\load_OBJ.h(108,32): warning C4244: '=': 'double'에서 'float'(으)로 변환하면서 데이터가 손실될 수 있습니다.
C:\Users\Hannah\Documents\Crossy_Road\Crossy Road\Crossy Road\load_OBJ.h(109,32): warning C4244: '=': 'double'에서 'float'(으)로 변환하면서 데이터가 손실될 수 있습니다.
C:\Users\Hannah\Documents\Crossy_Road\Crossy Road\Crossy Road\load_OBJ.h(110,32): warning C4244: '=': 'double'에서 'float'(으)로 변환하면서 데이터가 손실될 수 있습니다.
C:\Users\Hannah\Documents\Crossy_Road\Crossy Road\Crossy Road\load_OBJ.h(141,26): warning C4267: 'return': 'size_t'에서 'int'(으)로 변환하면서 데이터가 손실될 수 있습니다.
C:\Users\Hannah\Documents\Crossy_Road\Crossy Road\Crossy Road\main.cpp(56,18): warning C4305: '초기화 중': 'double'에서 'float'(으)로 잘립니다.
C:\Users\Hannah\Documents\Crossy_Road\Crossy Road\Crossy Road\main.cpp(71,6): warning C4305: '초기화 중': 'double'에서 'float'(으)로 잘립니다.
C:\Users\Hannah\Documents\Crossy_Road\Crossy Road\Crossy Road\main.cpp(72,6): warning C4305: '초기화 중': 'double'에서 'float'(으)로 잘립니다.
C:\Users\Hannah\Documents\Crossy_Road\Crossy Road\Crossy Road\main.cpp(72,13): warning C4305: '초기화 중': 'double'에서 'float'(으)로 잘립니다.
C:\Users\Hannah\Documents\Crossy_Road\Crossy Road\Crossy Road\main.cpp(73,6): warning C4305: '초기화 중': 'double'에서 'float'(으)로 잘립니다.
C:\Users\Hannah\Documents\Crossy_Road\Crossy Road\Crossy Road\main.cpp(73,14): warning C4305: '초기화 중': 'double'에서 'float'(으)로 잘립니다.
C:\Users\Hannah\Documents\Crossy_Road\Crossy Road\Crossy Road\main.cpp(74,6): warning C4305: '초기화 중': 'double'에서 'float'(으)로 잘립니다.
C:\Users\Hannah\Documents\Crossy_Road\Crossy Road\Crossy Road\main.cpp(74,12): warning C4305: '초기화 중': 'double'에서 'float'(으)로 잘립니다.
C:\Users\Hannah\Documents\Crossy_Road\Crossy Road\Crossy Road\main.cpp(75,6): warning C4305: '초기화 중': 'double'에서 'float'(으)로 잘립니다.
C:\Users\Hannah\Documents\Crossy_Road\Crossy Road\Crossy Road\main.cpp(75,13): warning C4305: '초기화 중': 'double'에서 'float'(으)로 잘립니다.
C:\Users\Hannah\Documents\Crossy_Road\Crossy Road\Crossy Road\main.cpp(76,6): warning C4305: '초기화 중': 'double'에서 'float'(으)로 잘립니다.
C:\Users\Hannah\Documents\Crossy_Road\Crossy Road\Crossy Road\main.cpp(76,13): warning C4305: '초기화 중': 'double'에서 'float'(으)로 잘립니다.
C:\Users\Hannah\Documents\Crossy_Road\Crossy Road\Crossy Road\main.cpp(77,6): warning C4305: '초기화 중': 'double'에서 'float'(으)로 잘립니다.
C:\Users\Hannah\Documents\Crossy_Road\Crossy Road\Crossy Road\main.cpp(77,13): warning C4305: '초기화 중': 'double'에서 'float'(으)로 잘립니다.
C:\Users\Hannah\Documents\Crossy_Road\Crossy Road\Crossy Road\main.cpp(246,15): warning C4244: '인수': 'time_t'에서 'unsigned int'(으)로 변환하면서 데이터가 손실될 수 있습니다.
C:\Users\Hannah\Documents\Crossy_Road\Crossy Road\Crossy Road\main.cpp(746,27): warning C4305: '-=': 'double'에서 'float'(으)로 잘립니다.
C:\Users\Hannah\Documents\Crossy_Road\Crossy Road\Crossy Road\main.cpp(749,27): warning C4305: '+=': 'double'에서 'float'(으)로 잘립니다.
C:\Users\Hannah\Documents\Crossy_Road\Crossy Road\Crossy Road\main.cpp(752,25): warning C4305: '-=': 'double'에서 'float'(으)로 잘립니다.
C:\Users\Hannah\Documents\Crossy_Road\Crossy Road\Crossy Road\main.cpp(755,25): warning C4305: '+=': 'double'에서 'float'(으)로 잘립니다.
  Crossy Road.vcxproj -> C:\Users\Hannah\Documents\Crossy_Road\Crossy Road\x64\Debug\Crossy Road.exe
